{"/Users/please/Desktop/webComponent/soda-ui/packages/soda/button/src/button-types.ts": {"path":"/Users/please/Desktop/webComponent/soda-ui/packages/soda/button/src/button-types.ts","statementMap":{"0":{"start":{"line":21,"column":27},"end":{"line":74,"column":null}},"1":{"start":{"line":57,"column":6},"end":{"line":57,"column":null}},"2":{"start":{"line":76,"column":32},"end":{"line":84,"column":null}},"3":{"start":{"line":102,"column":2},"end":{"line":102,"column":null}}},"fnMap":{"0":{"name":"(anonymous_0)","decl":{"start":{"line":56,"column":15},"end":{"line":56,"column":16}},"loc":{"start":{"line":56,"column":34},"end":{"line":58,"column":null}}},"1":{"name":"(anonymous_1)","decl":{"start":{"line":67,"column":13},"end":{"line":67,"column":19}},"loc":{"start":{"line":67,"column":19},"end":{"line":67,"column":null}}}},"branchMap":{},"s":{"0":1,"1":0,"2":1,"3":1},"f":{"0":0,"1":4},"b":{}}
,"/Users/please/Desktop/webComponent/soda-ui/packages/soda/button/src/button.tsx": {"path":"/Users/please/Desktop/webComponent/soda-ui/packages/soda/button/src/button.tsx","statementMap":{"0":{"start":{"line":15,"column":55},"end":{"line":15,"column":null}},"1":{"start":{"line":16,"column":35},"end":{"line":16,"column":null}},"2":{"start":{"line":20,"column":4},"end":{"line":24,"column":null}},"3":{"start":{"line":21,"column":6},"end":{"line":23,"column":null}},"4":{"start":{"line":22,"column":8},"end":{"line":22,"column":null}},"5":{"start":{"line":26,"column":19},"end":{"line":26,"column":null}},"6":{"start":{"line":28,"column":4},"end":{"line":34,"column":null}},"7":{"start":{"line":29,"column":6},"end":{"line":33,"column":null}},"8":{"start":{"line":36,"column":24},"end":{"line":45,"column":null}},"9":{"start":{"line":37,"column":6},"end":{"line":39,"column":null}},"10":{"start":{"line":38,"column":8},"end":{"line":38,"column":null}},"11":{"start":{"line":40,"column":6},"end":{"line":44,"column":null}},"12":{"start":{"line":41,"column":8},"end":{"line":41,"column":null}},"13":{"start":{"line":43,"column":8},"end":{"line":43,"column":null}},"14":{"start":{"line":47,"column":4},"end":{"line":59,"column":null}},"15":{"start":{"line":48,"column":6},"end":{"line":57,"column":null}}},"fnMap":{"0":{"name":"(anonymous_0)","decl":{"start":{"line":14,"column":2},"end":{"line":14,"column":8}},"loc":{"start":{"line":14,"column":47},"end":{"line":60,"column":null}}},"1":{"name":"(anonymous_1)","decl":{"start":{"line":21,"column":40},"end":{"line":21,"column":46}},"loc":{"start":{"line":21,"column":46},"end":{"line":23,"column":7}}},"2":{"name":"(anonymous_2)","decl":{"start":{"line":36,"column":24},"end":{"line":36,"column":25}},"loc":{"start":{"line":36,"column":43},"end":{"line":45,"column":null}}},"3":{"name":"(anonymous_3)","decl":{"start":{"line":47,"column":11},"end":{"line":47,"column":17}},"loc":{"start":{"line":47,"column":17},"end":{"line":59,"column":null}}}},"branchMap":{"0":{"loc":{"start":{"line":20,"column":4},"end":{"line":24,"column":null}},"type":"if","locations":[{"start":{"line":20,"column":4},"end":{"line":24,"column":null}}]},"1":{"loc":{"start":{"line":26,"column":19},"end":{"line":26,"column":null}},"type":"binary-expr","locations":[{"start":{"line":26,"column":19},"end":{"line":26,"column":34}},{"start":{"line":26,"column":34},"end":{"line":26,"column":null}}]},"2":{"loc":{"start":{"line":28,"column":4},"end":{"line":34,"column":null}},"type":"if","locations":[{"start":{"line":28,"column":4},"end":{"line":34,"column":null}}]},"3":{"loc":{"start":{"line":37,"column":6},"end":{"line":39,"column":null}},"type":"if","locations":[{"start":{"line":37,"column":6},"end":{"line":39,"column":null}}]},"4":{"loc":{"start":{"line":40,"column":6},"end":{"line":44,"column":null}},"type":"if","locations":[{"start":{"line":40,"column":6},"end":{"line":44,"column":null}},{"start":{"line":42,"column":13},"end":{"line":44,"column":null}}]}},"s":{"0":4,"1":4,"2":4,"3":0,"4":0,"5":4,"6":4,"7":0,"8":4,"9":0,"10":0,"11":0,"12":0,"13":0,"14":4,"15":4},"f":{"0":4,"1":0,"2":0,"3":4},"b":{"0":[0],"1":[4,4],"2":[0],"3":[0],"4":[0,0]}}
,"/Users/please/Desktop/webComponent/soda-ui/packages/soda/button/src/use-button.ts": {"path":"/Users/please/Desktop/webComponent/soda-ui/packages/soda/button/src/use-button.ts","statementMap":{"0":{"start":{"line":11,"column":13},"end":{"line":11,"column":null}},"1":{"start":{"line":13,"column":21},"end":{"line":13,"column":null}},"2":{"start":{"line":13,"column":36},"end":{"line":13,"column":53}},"3":{"start":{"line":15,"column":21},"end":{"line":17,"column":null}},"4":{"start":{"line":16,"column":4},"end":{"line":16,"column":null}},"5":{"start":{"line":18,"column":18},"end":{"line":28,"column":null}},"6":{"start":{"line":18,"column":34},"end":{"line":28,"column":4}},"7":{"start":{"line":30,"column":20},"end":{"line":40,"column":null}},"8":{"start":{"line":31,"column":4},"end":{"line":33,"column":null}},"9":{"start":{"line":32,"column":6},"end":{"line":32,"column":null}},"10":{"start":{"line":34,"column":19},"end":{"line":34,"column":null}},"11":{"start":{"line":35,"column":4},"end":{"line":39,"column":null}},"12":{"start":{"line":36,"column":6},"end":{"line":36,"column":null}},"13":{"start":{"line":38,"column":6},"end":{"line":38,"column":null}},"14":{"start":{"line":42,"column":2},"end":{"line":42,"column":null}}},"fnMap":{"0":{"name":"useButton","decl":{"start":{"line":7,"column":24},"end":{"line":7,"column":null}},"loc":{"start":{"line":10,"column":23},"end":{"line":43,"column":null}}},"1":{"name":"(anonymous_1)","decl":{"start":{"line":13,"column":30},"end":{"line":13,"column":36}},"loc":{"start":{"line":13,"column":36},"end":{"line":13,"column":53}}},"2":{"name":"(anonymous_2)","decl":{"start":{"line":15,"column":30},"end":{"line":15,"column":36}},"loc":{"start":{"line":15,"column":36},"end":{"line":17,"column":3}}},"3":{"name":"(anonymous_3)","decl":{"start":{"line":18,"column":27},"end":{"line":18,"column":34}},"loc":{"start":{"line":18,"column":34},"end":{"line":28,"column":4}}},"4":{"name":"(anonymous_4)","decl":{"start":{"line":30,"column":29},"end":{"line":30,"column":35}},"loc":{"start":{"line":30,"column":35},"end":{"line":40,"column":3}}}},"branchMap":{"0":{"loc":{"start":{"line":25,"column":20},"end":{"line":25,"column":null}},"type":"binary-expr","locations":[{"start":{"line":25,"column":20},"end":{"line":25,"column":34}},{"start":{"line":25,"column":34},"end":{"line":25,"column":null}}]},"1":{"loc":{"start":{"line":26,"column":10},"end":{"line":26,"column":27}},"type":"binary-expr","locations":[{"start":{"line":26,"column":10},"end":{"line":26,"column":25}},{"start":{"line":26,"column":25},"end":{"line":26,"column":27}}]},"2":{"loc":{"start":{"line":27,"column":6},"end":{"line":27,"column":null}},"type":"cond-expr","locations":[{"start":{"line":27,"column":45},"end":{"line":27,"column":52}},{"start":{"line":27,"column":52},"end":{"line":27,"column":null}}]},"3":{"loc":{"start":{"line":27,"column":6},"end":{"line":27,"column":45}},"type":"binary-expr","locations":[{"start":{"line":27,"column":6},"end":{"line":27,"column":21}},{"start":{"line":27,"column":21},"end":{"line":27,"column":45}}]},"4":{"loc":{"start":{"line":31,"column":4},"end":{"line":33,"column":null}},"type":"if","locations":[{"start":{"line":31,"column":4},"end":{"line":33,"column":null}}]},"5":{"loc":{"start":{"line":35,"column":4},"end":{"line":39,"column":null}},"type":"if","locations":[{"start":{"line":35,"column":4},"end":{"line":39,"column":null}},{"start":{"line":37,"column":11},"end":{"line":39,"column":null}}]}},"s":{"0":4,"1":4,"2":0,"3":4,"4":4,"5":4,"6":4,"7":4,"8":0,"9":0,"10":0,"11":0,"12":0,"13":0,"14":4},"f":{"0":4,"1":0,"2":4,"3":4,"4":0},"b":{"0":[4,0],"1":[4,0],"2":[4,0],"3":[4,4],"4":[0],"5":[0,0]}}
,"/Users/please/Desktop/webComponent/soda-ui/packages/soda/hooks/use-namespace.ts": {"path":"/Users/please/Desktop/webComponent/soda-ui/packages/soda/hooks/use-namespace.ts","statementMap":{"0":{"start":{"line":13,"column":12},"end":{"line":13,"column":null}},"1":{"start":{"line":14,"column":2},"end":{"line":16,"column":null}},"2":{"start":{"line":15,"column":4},"end":{"line":15,"column":null}},"3":{"start":{"line":17,"column":2},"end":{"line":19,"column":null}},"4":{"start":{"line":18,"column":4},"end":{"line":18,"column":null}},"5":{"start":{"line":20,"column":2},"end":{"line":20,"column":null}},"6":{"start":{"line":29,"column":20},"end":{"line":29,"column":null}},"7":{"start":{"line":31,"column":12},"end":{"line":31,"column":null}},"8":{"start":{"line":31,"column":18},"end":{"line":31,"column":null}},"9":{"start":{"line":32,"column":12},"end":{"line":32,"column":null}},"10":{"start":{"line":32,"column":34},"end":{"line":32,"column":null}},"11":{"start":{"line":33,"column":12},"end":{"line":34,"column":null}},"12":{"start":{"line":34,"column":4},"end":{"line":34,"column":null}},"13":{"start":{"line":35,"column":13},"end":{"line":36,"column":null}},"14":{"start":{"line":36,"column":4},"end":{"line":36,"column":null}},"15":{"start":{"line":37,"column":2},"end":{"line":42,"column":null}}},"fnMap":{"0":{"name":"createBem","decl":{"start":{"line":8,"column":9},"end":{"line":8,"column":null}},"loc":{"start":{"line":12,"column":10},"end":{"line":21,"column":null}}},"1":{"name":"useNamespace","decl":{"start":{"line":28,"column":16},"end":{"line":28,"column":29}},"loc":{"start":{"line":28,"column":75},"end":{"line":43,"column":null}}},"2":{"name":"(anonymous_2)","decl":{"start":{"line":31,"column":12},"end":{"line":31,"column":18}},"loc":{"start":{"line":31,"column":18},"end":{"line":31,"column":null}}},"3":{"name":"(anonymous_3)","decl":{"start":{"line":32,"column":12},"end":{"line":32,"column":13}},"loc":{"start":{"line":32,"column":34},"end":{"line":32,"column":null}}},"4":{"name":"(anonymous_4)","decl":{"start":{"line":33,"column":12},"end":{"line":33,"column":13}},"loc":{"start":{"line":34,"column":4},"end":{"line":34,"column":null}}},"5":{"name":"(anonymous_5)","decl":{"start":{"line":35,"column":13},"end":{"line":35,"column":14}},"loc":{"start":{"line":36,"column":4},"end":{"line":36,"column":null}}}},"branchMap":{"0":{"loc":{"start":{"line":14,"column":2},"end":{"line":16,"column":null}},"type":"if","locations":[{"start":{"line":14,"column":2},"end":{"line":16,"column":null}}]},"1":{"loc":{"start":{"line":17,"column":2},"end":{"line":19,"column":null}},"type":"if","locations":[{"start":{"line":17,"column":2},"end":{"line":19,"column":null}}]},"2":{"loc":{"start":{"line":28,"column":44},"end":{"line":28,"column":75}},"type":"default-arg","locations":[{"start":{"line":28,"column":54},"end":{"line":28,"column":75}}]},"3":{"loc":{"start":{"line":29,"column":20},"end":{"line":29,"column":null}},"type":"cond-expr","locations":[{"start":{"line":29,"column":30},"end":{"line":29,"column":47}},{"start":{"line":29,"column":47},"end":{"line":29,"column":null}}]},"4":{"loc":{"start":{"line":32,"column":34},"end":{"line":32,"column":null}},"type":"cond-expr","locations":[{"start":{"line":32,"column":44},"end":{"line":32,"column":76}},{"start":{"line":32,"column":76},"end":{"line":32,"column":null}}]},"5":{"loc":{"start":{"line":34,"column":4},"end":{"line":34,"column":null}},"type":"cond-expr","locations":[{"start":{"line":34,"column":15},"end":{"line":34,"column":52}},{"start":{"line":34,"column":52},"end":{"line":34,"column":null}}]},"6":{"loc":{"start":{"line":36,"column":4},"end":{"line":36,"column":null}},"type":"cond-expr","locations":[{"start":{"line":36,"column":26},"end":{"line":36,"column":68}},{"start":{"line":36,"column":68},"end":{"line":36,"column":null}}]},"7":{"loc":{"start":{"line":36,"column":4},"end":{"line":36,"column":26}},"type":"binary-expr","locations":[{"start":{"line":36,"column":4},"end":{"line":36,"column":15}},{"start":{"line":36,"column":15},"end":{"line":36,"column":26}}]}},"s":{"0":32,"1":32,"2":8,"3":32,"4":20,"5":32,"6":4,"7":4,"8":4,"9":4,"10":8,"11":4,"12":20,"13":4,"14":0,"15":4},"f":{"0":32,"1":4,"2":4,"3":8,"4":20,"5":0},"b":{"0":[8],"1":[20],"2":[4],"3":[0,4],"4":[8,0],"5":[20,0],"6":[0,0],"7":[0,0]}}
}
